  AI.cpp
d:\programming\school\assesments\assesmentrts\assesmentrts\source\core\ent\ent.h(303): warning C4244: 'argument': conversion from 'float' to 'int', possible loss of data
d:\programming\school\assesments\assesmentrts\assesmentrts\source\core\game\ai.cpp(551): warning C4800: 'int': forcing value to bool 'true' or 'false' (performance warning)
d:\programming\school\assesments\assesmentrts\assesmentrts\source\core\game\ai.cpp(632): warning C4800: 'int': forcing value to bool 'true' or 'false' (performance warning)
d:\programming\school\assesments\assesmentrts\assesmentrts\source\core\game\ai.cpp(707): warning C4244: '=': conversion from 'double' to 'float', possible loss of data
d:\programming\school\assesments\assesmentrts\assesmentrts\source\core\game\ai.cpp(718): warning C4244: 'initializing': conversion from 'int' to 'float', possible loss of data
d:\programming\school\assesments\assesmentrts\assesmentrts\source\core\game\ai.cpp(727): warning C4244: 'initializing': conversion from 'double' to 'float', possible loss of data
  Generating Code...
d:\programming\school\assesments\assesmentrts\assesmentrts\source\core\math.h(26): warning C4715: 'expo<float>': not all control paths return a value
  Compiling...
  ui.cpp
d:\programming\school\assesments\assesmentrts\assesmentrts\source\core\ent\ent.h(303): warning C4244: 'argument': conversion from 'float' to 'int', possible loss of data
d:\programming\school\assesments\assesmentrts\assesmentrts\source\core\ui\ui.cpp(44): warning C4244: '=': conversion from 'int' to 'float', possible loss of data
d:\programming\school\assesments\assesmentrts\assesmentrts\source\core\ui\ui.cpp(148): warning C4244: '*=': conversion from 'float' to 'int', possible loss of data
d:\programming\school\assesments\assesmentrts\assesmentrts\source\core\ui\ui.cpp(149): warning C4244: 'return': conversion from 'int' to 'float', possible loss of data
d:\programming\school\assesments\assesmentrts\assesmentrts\source\core\ui\ui.cpp(160): warning C4244: '*=': conversion from 'float' to 'int', possible loss of data
d:\programming\school\assesments\assesmentrts\assesmentrts\source\core\ui\ui.cpp(168): warning C4244: 'initializing': conversion from 'int' to 'float', possible loss of data
d:\programming\school\assesments\assesmentrts\assesmentrts\source\core\ui\ui.cpp(170): warning C4018: '<': signed/unsigned mismatch
d:\programming\school\assesments\assesmentrts\assesmentrts\source\core\ui\ui.cpp(184): warning C4244: '=': conversion from 'float' to 'int', possible loss of data
d:\programming\school\assesments\assesmentrts\assesmentrts\source\core\ui\ui.cpp(190): warning C4244: '=': conversion from 'float' to 'int', possible loss of data
d:\programming\school\assesments\assesmentrts\assesmentrts\source\core\ui\ui.cpp(203): warning C4244: 'argument': conversion from 'int' to 'float', possible loss of data
  overlay.cpp
d:\programming\school\assesments\assesmentrts\assesmentrts\source\core\ent\ent.h(303): warning C4244: 'argument': conversion from 'float' to 'int', possible loss of data
d:\programming\school\assesments\assesmentrts\assesmentrts\source\core\ui\overlay.cpp(21): warning C4018: '<': signed/unsigned mismatch
d:\programming\school\assesments\assesmentrts\assesmentrts\source\core\ui\overlay.cpp(115): warning C4244: 'initializing': conversion from 'float' to 'int', possible loss of data
  menu.cpp
d:\programming\school\assesments\assesmentrts\assesmentrts\source\core\ent\ent.h(303): warning C4244: 'argument': conversion from 'float' to 'int', possible loss of data
d:\programming\school\assesments\assesmentrts\assesmentrts\source\core\ui\menu.cpp(88): warning C4244: 'argument': conversion from 'float' to 'int', possible loss of data
d:\programming\school\assesments\assesmentrts\assesmentrts\source\core\ui\menu.cpp(96): warning C4244: '=': conversion from 'float' to 'int', possible loss of data
d:\programming\school\assesments\assesmentrts\assesmentrts\source\core\ui\menu.cpp(146): warning C4244: '=': conversion from 'float' to 'int', possible loss of data
  main.cpp
d:\programming\school\assesments\assesmentrts\assesmentrts\source\core\ent\ent.h(303): warning C4244: 'argument': conversion from 'float' to 'int', possible loss of data
d:\programming\school\assesments\assesmentrts\assesmentrts\source\core\main.cpp(231): warning C4244: 'argument': conversion from 'float' to 'unsigned int', possible loss of data
d:\programming\school\assesments\assesmentrts\assesmentrts\source\core\main.cpp(236): warning C4244: 'argument': conversion from 'time_t' to 'unsigned int', possible loss of data
d:\programming\school\assesments\assesmentrts\assesmentrts\source\core\main.cpp(278): warning C4244: 'argument': conversion from 'unsigned int' to 'float', possible loss of data
d:\programming\school\assesments\assesmentrts\assesmentrts\source\core\main.cpp(282): warning C4244: 'argument': conversion from 'unsigned int' to 'float', possible loss of data
d:\programming\school\assesments\assesmentrts\assesmentrts\source\core\main.cpp(293): warning C4244: 'argument': conversion from 'const int' to 'float', possible loss of data
d:\programming\school\assesments\assesmentrts\assesmentrts\source\core\main.cpp(295): warning C4244: 'argument': conversion from 'const int' to 'float', possible loss of data
d:\programming\school\assesments\assesmentrts\assesmentrts\source\core\main.cpp(297): warning C4244: 'argument': conversion from 'const int' to 'float', possible loss of data
  entUnit.cpp
d:\programming\school\assesments\assesmentrts\assesmentrts\source\core\ent\ent.h(303): warning C4244: 'argument': conversion from 'float' to 'int', possible loss of data
d:\programming\school\assesments\assesmentrts\assesmentrts\source\core\ent\entunit.cpp(68): warning C4244: 'return': conversion from 'unsigned int' to 'float', possible loss of data
d:\programming\school\assesments\assesmentrts\assesmentrts\source\core\ent\entunit.cpp(69): warning C4244: 'return': conversion from 'unsigned int' to 'float', possible loss of data
d:\programming\school\assesments\assesmentrts\assesmentrts\source\core\ent\entunit.cpp(84): warning C4244: 'return': conversion from 'unsigned int' to 'float', possible loss of data
d:\programming\school\assesments\assesmentrts\assesmentrts\source\core\ent\entunit.cpp(85): warning C4244: 'return': conversion from 'unsigned int' to 'float', possible loss of data
d:\programming\school\assesments\assesmentrts\assesmentrts\source\core\ent\entunit.cpp(178): warning C4390: ';': empty controlled statement found; is this the intent?
d:\programming\school\assesments\assesmentrts\assesmentrts\source\core\ent\entunit.cpp(298): warning C4390: ';': empty controlled statement found; is this the intent?
  entBullet.cpp
d:\programming\school\assesments\assesmentrts\assesmentrts\source\core\ent\ent.h(303): warning C4244: 'argument': conversion from 'float' to 'int', possible loss of data
  entBuild.cpp
d:\programming\school\assesments\assesmentrts\assesmentrts\source\core\ent\ent.h(303): warning C4244: 'argument': conversion from 'float' to 'int', possible loss of data
d:\programming\school\assesments\assesmentrts\assesmentrts\source\core\ent\entbuild.cpp(49): warning C4244: 'return': conversion from 'unsigned int' to 'float', possible loss of data
d:\programming\school\assesments\assesmentrts\assesmentrts\source\core\ent\entbuild.cpp(50): warning C4244: 'return': conversion from 'unsigned int' to 'float', possible loss of data
d:\programming\school\assesments\assesmentrts\assesmentrts\source\core\ent\entbuild.cpp(51): warning C4244: 'return': conversion from 'unsigned int' to 'float', possible loss of data
d:\programming\school\assesments\assesmentrts\assesmentrts\source\core\ent\entbuild.cpp(71): warning C4244: 'return': conversion from 'unsigned int' to 'float', possible loss of data
d:\programming\school\assesments\assesmentrts\assesmentrts\source\core\ent\entbuild.cpp(72): warning C4244: 'return': conversion from 'unsigned int' to 'float', possible loss of data
d:\programming\school\assesments\assesmentrts\assesmentrts\source\core\ent\entbuild.cpp(73): warning C4244: 'return': conversion from 'unsigned int' to 'float', possible loss of data
  ent.cpp
d:\programming\school\assesments\assesmentrts\assesmentrts\source\core\ent\ent.h(303): warning C4244: 'argument': conversion from 'float' to 'int', possible loss of data
d:\programming\school\assesments\assesmentrts\assesmentrts\source\core\ent\ent.cpp(57): warning C4244: 'argument': conversion from 'int' to 'float', possible loss of data
d:\programming\school\assesments\assesmentrts\assesmentrts\source\core\ent\ent.cpp(58): warning C4244: 'argument': conversion from 'int' to 'float', possible loss of data
d:\programming\school\assesments\assesmentrts\assesmentrts\source\core\ent\ent.cpp(59): warning C4244: 'argument': conversion from 'int' to 'float', possible loss of data
d:\programming\school\assesments\assesmentrts\assesmentrts\source\core\ent\ent.cpp(60): warning C4244: 'argument': conversion from 'int' to 'float', possible loss of data
d:\programming\school\assesments\assesmentrts\assesmentrts\source\core\ent\ent.cpp(299): warning C4101: 'save': unreferenced local variable
  HumanAI.cpp
d:\programming\school\assesments\assesmentrts\assesmentrts\source\core\ent\ent.h(303): warning C4244: 'argument': conversion from 'float' to 'int', possible loss of data
d:\programming\school\assesments\assesmentrts\assesmentrts\source\core\game\humanai.cpp(95): warning C4244: 'initializing': conversion from 'float' to 'int', possible loss of data
d:\programming\school\assesments\assesmentrts\assesmentrts\source\core\game\humanai.cpp(421): warning C4800: 'int': forcing value to bool 'true' or 'false' (performance warning)
d:\programming\school\assesments\assesmentrts\assesmentrts\source\core\game\humanai.cpp(491): warning C4800: 'int': forcing value to bool 'true' or 'false' (performance warning)
  Generate.cpp
d:\programming\school\assesments\assesmentrts\assesmentrts\source\core\ent\ent.h(303): warning C4244: 'argument': conversion from 'float' to 'int', possible loss of data
  Generating Code...
d:\programming\school\assesments\assesmentrts\assesmentrts\source\core\math.h(26): warning C4715: 'expo<float>': not all control paths return a value
d:\programming\school\assesments\assesmentrts\assesmentrts\source\core\math.h(26): warning C4715: 'expo<float>': not all control paths return a value
d:\programming\school\assesments\assesmentrts\assesmentrts\source\core\math.h(26): warning C4715: 'expo<float>': not all control paths return a value
d:\programming\school\assesments\assesmentrts\assesmentrts\source\core\math.h(26): warning C4715: 'expo<float>': not all control paths return a value
d:\programming\school\assesments\assesmentrts\assesmentrts\source\core\math.h(26): warning C4715: 'expo<float>': not all control paths return a value
d:\programming\school\assesments\assesmentrts\assesmentrts\source\core\ui\menu.cpp(170): warning C4715: 'getSelectedColor': not all control paths return a value
d:\programming\school\assesments\assesmentrts\assesmentrts\source\core\ui\ui.cpp(65): warning C4715: 'itc': not all control paths return a value
  AssesmentRTS.vcxproj -> D:\Programming\School\Assesments\AssesmentRTS\Debug\AssesmentRTS.exe
