d:\programming\school\assesments\assesmentrts\assesmentrts\debug\vc140.pdb
d:\programming\school\assesments\assesmentrts\assesmentrts\debug\vc140.idb
d:\programming\school\assesments\assesmentrts\assesmentrts\debug\ent.obj
d:\programming\school\assesments\assesmentrts\assesmentrts\debug\entbuild.obj
d:\programming\school\assesments\assesmentrts\assesmentrts\debug\entbullet.obj
d:\programming\school\assesments\assesmentrts\assesmentrts\debug\entunit.obj
d:\programming\school\assesments\assesmentrts\assesmentrts\debug\save.obj
d:\programming\school\assesments\assesmentrts\assesmentrts\debug\ai.obj
d:\programming\school\assesments\assesmentrts\assesmentrts\debug\generate.obj
d:\programming\school\assesments\assesmentrts\assesmentrts\debug\main.obj
d:\programming\school\assesments\assesmentrts\assesmentrts\debug\math.obj
d:\programming\school\assesments\assesmentrts\assesmentrts\debug\input.obj
d:\programming\school\assesments\assesmentrts\assesmentrts\debug\menu.obj
d:\programming\school\assesments\assesmentrts\assesmentrts\debug\overlay.obj
d:\programming\school\assesments\assesmentrts\assesmentrts\debug\ui.obj
d:\programming\school\assesments\assesmentrts\debug\assesmentrts.ilk
d:\programming\school\assesments\assesmentrts\debug\assesmentrts.exe
d:\programming\school\assesments\assesmentrts\debug\assesmentrts.pdb
d:\programming\school\assesments\assesmentrts\assesmentrts\debug\assesmentrts.tlog\cl.command.1.tlog
d:\programming\school\assesments\assesmentrts\assesmentrts\debug\assesmentrts.tlog\cl.read.1.tlog
d:\programming\school\assesments\assesmentrts\assesmentrts\debug\assesmentrts.tlog\cl.write.1.tlog
d:\programming\school\assesments\assesmentrts\assesmentrts\debug\assesmentrts.tlog\link.command.1.tlog
d:\programming\school\assesments\assesmentrts\assesmentrts\debug\assesmentrts.tlog\link.read.1.tlog
d:\programming\school\assesments\assesmentrts\assesmentrts\debug\assesmentrts.tlog\link.write.1.tlog
