d:\programming\school\assesments\year1\assesmentrts\assesmentrts\release\vc140.pdb
d:\programming\school\assesments\year1\assesmentrts\assesmentrts\release\ui.obj
d:\programming\school\assesments\year1\assesmentrts\assesmentrts\release\overlay.obj
d:\programming\school\assesments\year1\assesmentrts\assesmentrts\release\menu.obj
d:\programming\school\assesments\year1\assesmentrts\assesmentrts\release\input.obj
d:\programming\school\assesments\year1\assesmentrts\assesmentrts\release\math.obj
d:\programming\school\assesments\year1\assesmentrts\assesmentrts\release\main.obj
d:\programming\school\assesments\year1\assesmentrts\assesmentrts\release\generate.obj
d:\programming\school\assesments\year1\assesmentrts\assesmentrts\release\ai.obj
d:\programming\school\assesments\year1\assesmentrts\assesmentrts\release\save.obj
d:\programming\school\assesments\year1\assesmentrts\assesmentrts\release\entunit.obj
d:\programming\school\assesments\year1\assesmentrts\assesmentrts\release\entbullet.obj
d:\programming\school\assesments\year1\assesmentrts\assesmentrts\release\entbuild.obj
d:\programming\school\assesments\year1\assesmentrts\assesmentrts\release\ent.obj
d:\programming\school\assesments\year1\assesmentrts\assesmentrts\release\player.obj
d:\programming\school\assesments\year1\assesmentrts\assesmentrts\release\humanai.obj
d:\programming\school\assesments\year1\assesmentrts\assesmentrts\release\cheats.obj
d:\programming\school\assesments\year1\assesmentrts\assesmentrts\release\entresource.obj
d:\programming\school\assesments\year1\assesmentrts\release\assesmentrts.pdb
d:\programming\school\assesments\year1\assesmentrts\release\assesmentrts.exe
d:\programming\school\assesments\year1\assesmentrts\assesmentrts\release\assesmentrts.tlog\cl.command.1.tlog
d:\programming\school\assesments\year1\assesmentrts\assesmentrts\release\assesmentrts.tlog\cl.read.1.tlog
d:\programming\school\assesments\year1\assesmentrts\assesmentrts\release\assesmentrts.tlog\cl.write.1.tlog
d:\programming\school\assesments\year1\assesmentrts\assesmentrts\release\assesmentrts.tlog\link.command.1.tlog
d:\programming\school\assesments\year1\assesmentrts\assesmentrts\release\assesmentrts.tlog\link.read.1.tlog
d:\programming\school\assesments\year1\assesmentrts\assesmentrts\release\assesmentrts.tlog\link.write.1.tlog
